[Fri Jul 11 01:09:30 2025] [ INFO ] starting the function..
[Fri Jul 11 01:09:42 2025] [ INFO ] of the two number is : 
[Fri Jul 11 01:09:42 2025] [ INFO ] ending the program..
[Fri Jul 11 01:12:12 2025] [ INFO ] starting the function..
[Fri Jul 11 01:12:17 2025] [ INFO ] the product of the two number is : 450
[Fri Jul 11 01:12:17 2025] [ INFO ] ending the program..
[Tue Jul 15 21:19:09 2025] [ INFO ] starting the function..
[Tue Jul 15 21:19:21 2025] [ INFO ] the product of the two number is : 20
[Tue Jul 15 21:19:21 2025] [ INFO ] ending the program..
[Tue Jul 15 22:34:01 2025] [ INFO ] Starting the program...

[Tue Jul 15 22:34:07 2025] [ INFO ] 5 is a even number
[Tue Jul 15 22:34:07 2025] [ INFO ] Program finished..
[Tue Jul 15 22:34:18 2025] [ INFO ] Starting the program...

[Tue Jul 15 22:34:21 2025] [ INFO ] 6 is an odd number.
[Tue Jul 15 22:34:21 2025] [ INFO ] Program finished..
[Wed Jul 16 21:29:53 2025] [ INFO ] Program started...
[Wed Jul 16 21:30:10 2025] [ INFO ] Sum of the array is : 10
[Wed Jul 16 21:30:10 2025] [ INFO ] Program finished
[Sun Jul 27 19:27:02 2025] [ INFO ] Program started
[Sun Jul 27 19:27:02 2025] [ INFO ] the memory address of the variable is : 0x7fffffffdadc
[Sun Jul 27 19:27:02 2025] [ INFO ] the variable value is : 10
[Sun Jul 27 19:35:50 2025] [ INFO ] Program started
[Sun Jul 27 19:35:50 2025] [ INFO ] the memory address of the variable is : 0x7fffffffdad4
[Sun Jul 27 19:35:50 2025] [ INFO ] the variable value is : 10
[Sun Jul 27 19:35:50 2025] [ INFO ] Pointer declared at the memory of : 0x7fffffffdad40x7fffffffdad4
[Sun Jul 27 19:35:50 2025] [ INFO ] The value pointer referencing is : 10
[Sun Jul 27 19:40:11 2025] [ INFO ] Program started
[Sun Jul 27 19:40:11 2025] [ INFO ] the memory address of the variable is : 0x7fffffffdad4
[Sun Jul 27 19:40:11 2025] [ INFO ] the variable value is : 10
[Sun Jul 27 19:40:11 2025] [ INFO ] Pointer declared at the memory of : 0x7fffffffdad4
[Sun Jul 27 19:40:11 2025] [ INFO ] The value pointer referencing is : 10
[Sun Jul 27 20:16:55 2025] [ INFO ] Program started...
[Sun Jul 27 20:17:21 2025] [ INFO ] the variable is stored in the memory location of : 0x7fffffffdad4
[Sun Jul 27 20:17:21 2025] [ INFO ] Pointer declared
[Sun Jul 27 20:17:21 2025] [ INFO ] the pointer is referencing at the memory location of : 0x7fffffffdad4
[Sun Jul 27 20:17:21 2025] [ INFO ] the value of the pointer is : 10
[Sun Jul 27 20:17:21 2025] [ INFO ] Program ended ..
[Sun Jul 27 20:29:09 2025] [ INFO ] Program started...
[Sun Jul 27 20:29:15 2025] [ INFO ] the variable is stored in the memory location of : 0x7fffffffdad4
[Sun Jul 27 20:29:15 2025] [ INFO ] Pointer declared
[Sun Jul 27 20:29:15 2025] [ INFO ] the pointer is referencing at the memory location of : 0x7fffffffdad4
[Sun Jul 27 20:29:15 2025] [ INFO ] the value of the pointer is : 10
[Sun Jul 27 20:29:20 2025] [ INFO ] the new value pointer referencing is : 60
[Sun Jul 27 20:29:20 2025] [ INFO ] the memory location of the pointer is : 0x7fffffffdad4
[Sun Jul 27 20:29:20 2025] [ INFO ] the memory address of the variable is : 0x7fffffffdad4
[Sun Jul 27 20:29:20 2025] [ INFO ] the value stored in the variable is : 60
[Sun Jul 27 20:29:20 2025] [ INFO ] Program ended ..
[Sun Jul 27 21:18:27 2025] [ INFO ] Program started...
[Sun Jul 27 21:18:34 2025] [ INFO ] The memory address of the variable is : r
[Sun Jul 27 21:18:34 2025] [ INFO ] The Pointer address is : r
[Sun Jul 27 21:18:34 2025] [ INFO ] The Pointer stores the value of : 114
[Sun Jul 27 21:18:34 2025] [ INFO ] Program ended...
[Sun Jul 27 21:32:06 2025] [ INFO ] Program started...
[Sun Jul 27 21:32:10 2025] [ INFO ] The memory address of the variable is : t
[Sun Jul 27 21:32:10 2025] [ INFO ] The Pointer address is : t
[Sun Jul 27 21:32:10 2025] [ INFO ] The Pointer stores the value of : t
[Sun Jul 27 21:32:10 2025] [ INFO ] Program ended...
[Sun Jul 27 21:37:28 2025] [ INFO ] Program started...
[Sun Jul 27 21:37:31 2025] [ INFO ] The memory address of the variable is : 0x7fffffffdad6
[Sun Jul 27 21:37:31 2025] [ INFO ] The Pointer address is : 0x7fffffffdad6
[Sun Jul 27 21:37:31 2025] [ INFO ] The Pointer stores the value of : y
[Sun Jul 27 21:37:31 2025] [ INFO ] Program ended...
[Mon Jul 28 21:43:41 2025] [ INFO ] Starting the program ...
[Mon Jul 28 21:43:46 2025] [ INFO ] the first variable is : 2 the second variable is : 3
[Mon Jul 28 21:43:46 2025] [ INFO ] After swapping ....
[Mon Jul 28 21:43:46 2025] [ INFO ] After swapping the value of the first variable is : 3 and the value of the second variable is : 2
[Mon Jul 28 21:43:46 2025] [ INFO ] program ended....
[Mon Jul 28 22:45:57 2025] [ INFO ] starting the program...
[Mon Jul 28 22:46:21 2025] [ INFO ] array element 0 : 1
[Mon Jul 28 22:46:21 2025] [ INFO ] array element 1 : 2
[Mon Jul 28 22:46:21 2025] [ INFO ] array element 2 : 3
[Mon Jul 28 22:46:21 2025] [ INFO ] ending the program...
[Fri Aug  1 00:10:25 2025] [ INFO ] Starting the program....
[Fri Aug  1 00:10:25 2025] [ INFO ] the pointer stores the memory of : 0x7fffffffdaa0
[Fri Aug  1 00:10:25 2025] [ ERROR ] Ending the program.....
[Fri Aug  1 00:16:42 2025] [ INFO ] Starting the program....
[Fri Aug  1 00:16:42 2025] [ INFO ] the pointer stores the memory of : 0x7fffffffdaa0
[Fri Aug  1 00:16:42 2025] [ INFO ] The next element of the array is : 20
[Fri Aug  1 00:16:42 2025] [ INFO ] Ending the program.....
[Fri Aug  1 00:20:39 2025] [ INFO ] Starting the program....
[Fri Aug  1 00:20:39 2025] [ INFO ] the pointer stores the memory of : 0x7fffffffdaa0
[Fri Aug  1 00:20:39 2025] [ INFO ] The next memory location is : 0x7fffffffdaa4
[Fri Aug  1 00:20:39 2025] [ INFO ] The next element of the array is : 20
[Fri Aug  1 00:20:39 2025] [ INFO ] Ending the program.....
